        -:    0:Source:E:/ASU5/Knight_Proj/NNode.cpp
        -:    0:Graph:E:\ASU5\Knight_Proj\cmake-build-debug-coverage\CMakeFiles\Knight_Proj.dir\NNode.cpp.gcno
        -:    0:Data:E:\ASU5\Knight_Proj\cmake-build-debug-coverage\CMakeFiles\Knight_Proj.dir\NNode.cpp.gcda
        -:    0:Runs:1
        -:    1://
        -:    2:// Created by George Welson on 28-Nov-22.
        -:    3://
        -:    4:#include "NNode.h"
function _ZN5NNodeC2ENSt7__cxx1112basic_stringIcSt11char_traitsIcESaIcEEE called 64 returned 100% blocks executed 100%
       64:    5:NNode::NNode(string name):pos(name),visited(false){
       64:    5-block  0
call    0 returned 64
      576:    6:    for(int i=0;i<8;i++)
      576:    6-block  0
branch  0 taken 512
branch  1 taken 64 (fallthrough)
      512:    7:        this->next[i]=NULL;
      512:    7-block  0
        -:    8:    //this->defNext();
       64:    9:}
function _ZN5NNodeC2Ev called 0 returned 0% blocks executed 0%
    #####:   10:NNode::NNode(){
    %%%%%:   10-block  0
call    0 never executed
        -:   11:
    #####:   12:}
        -:   13:/*void NNode::defNext(){
        -:   14:     for(int i=0;i<8;i++) {//b3 NULL c2
        -:   15:         char temp[2];
        -:   16:         temp[0] = this->pos[0] + xMoves[i];
        -:   17:         temp[1] = this->pos[1] + yMoves[i];
        -:   18:         if (temp[0] < 'a' || temp[0] > 'h' || temp[1] < '1' || temp[1] > '8')
        -:   19:             continue;
        -:   20:         string str(temp);
        -:   21:         this->next[i] = new NNode(temp);  //b4 --> d5
        -:   22:     }
        -:   23:}*/
